16dd0ad941c4fdb8d6c2.js:189 container-20TyK0 elevationHigh-28Pty4 backgroundColor rgba(18, 18, 20, 1) 1690806903889
16dd0ad941c4fdb8d6c2.js:3061 translate3d(-7.4px,6.855408287083538px,0px) 1690806903890
16dd0ad941c4fdb8d6c2.js:189 message-3C6JQ1 color rgba(220, 223, 226, 1) 1690806903903
16dd0ad941c4fdb8d6c2.js:189  color rgba(220, 223, 226, 1) 1690806903903
16dd0ad941c4fdb8d6c2.js:189 container-20TyK0 elevationHigh-28Pty4 backgroundColor rgba(24, 19, 21, 1) 1690806903904
16dd0ad941c4fdb8d6c2.js:189 message-3C6JQ1 color rgba(223, 225, 228, 1) 1690806903925
16dd0ad941c4fdb8d6c2.js:189  color rgba(223, 225, 228, 1) 1690806903925
16dd0ad941c4fdb8d6c2.js:189 container-20TyK0 elevationHigh-28Pty4 backgroundColor rgba(40, 23, 25, 1) 1690806903925
16dd0ad941c4fdb8d6c2.js:3061 translate3d(7.4px,-4.3001365647250225px,0px) 1690806903926
16dd0ad941c4fdb8d6c2.js:189 message-3C6JQ1 color rgba(225, 228, 230, 1) 1690806903942
16dd0ad941c4fdb8d6c2.js:189  color rgba(225, 228, 230, 1) 1690806903942
16dd0ad941c4fdb8d6c2.js:189 container-20TyK0 elevationHigh-28Pty4 backgroundColor rgba(56, 26, 28, 1) 1690806903942
16dd0ad941c4fdb8d6c2.js:189 message-3C6JQ1 color rgba(227, 230, 232, 1) 1690806903953
16dd0ad941c4fdb8d6c2.js:189  color rgba(227, 230, 232, 1) 1690806903953
16dd0ad941c4fdb8d6c2.js:189 container-20TyK0 elevationHigh-28Pty4 backgroundColor rgba(69, 28, 31, 1) 1690806903953
16dd0ad941c4fdb8d6c2.js:3061 translate3d(-7.4px,-4.340828188603649px,0px) 1690806903953
16dd0ad941c4fdb8d6c2.js:189 message-3C6JQ1 color rgba(231, 233, 235, 1) 1690806903973
16dd0ad941c4fdb8d6c2.js:189  color rgba(231, 233, 235, 1) 1690806903973
16dd0ad941c4fdb8d6c2.js:189 container-20TyK0 elevationHigh-28Pty4 backgroundColor rgba(92, 33, 36, 1) 1690806903973
16dd0ad941c4fdb8d6c2.js:189 message-3C6JQ1 color rgba(234, 236, 238, 1) 1690806903989
16dd0ad941c4fdb8d6c2.js:189  color rgba(234, 236, 238, 1) 1690806903989
16dd0ad941c4fdb8d6c2.js:189 container-20TyK0 elevationHigh-28Pty4 backgroundColor rgba(112, 37, 40, 1) 1690806903989
16dd0ad941c4fdb8d6c2.js:3061 translate3d(7.4px,-7.079749978925043px,0px) 1690806903990
16dd0ad941c4fdb8d6c2.js:189 message-3C6JQ1 color rgba(238, 239, 241, 1) 1690806904008
16dd0ad941c4fdb8d6c2.js:189  color rgba(238, 239, 241, 1) 1690806904008
16dd0ad941c4fdb8d6c2.js:189 container-20TyK0 elevationHigh-28Pty4 backgroundColor rgba(136, 42, 45, 1) 1690806904008
16dd0ad941c4fdb8d6c2.js:189 message-3C6JQ1 color rgba(240, 242, 243, 1) 1690806904020
16dd0ad941c4fdb8d6c2.js:189  color rgba(240, 242, 243, 1) 1690806904020
16dd0ad941c4fdb8d6c2.js:189 container-20TyK0 elevationHigh-28Pty4 backgroundColor rgba(150, 45, 48, 1) 1690806904021
16dd0ad941c4fdb8d6c2.js:3061 translate3d(-7.4px,5.072035759272074px,0px) 1690806904021
16dd0ad941c4fdb8d6c2.js:189 message-3C6JQ1 color rgba(244, 244, 245, 1) 1690806904039
16dd0ad941c4fdb8d6c2.js:189  color rgba(244, 244, 245, 1) 1690806904040
16dd0ad941c4fdb8d6c2.js:189 container-20TyK0 elevationHigh-28Pty4 backgroundColor rgba(170, 49, 52, 1) 1690806904040
16dd0ad941c4fdb8d6c2.js:189 message-3C6JQ1 color rgba(246, 247, 248, 1) 1690806904055
16dd0ad941c4fdb8d6c2.js:189  color rgba(246, 247, 248, 1) 1690806904056
16dd0ad941c4fdb8d6c2.js:189 container-20TyK0 elevationHigh-28Pty4 backgroundColor rgba(186, 52, 55, 1) 1690806904056
16dd0ad941c4fdb8d6c2.js:3061 translate3d(7.4px,4.679119845131714px,0px) 1690806904057
16dd0ad941c4fdb8d6c2.js:189 message-3C6JQ1 color rgba(248, 249, 249, 1) 1690806904069
16dd0ad941c4fdb8d6c2.js:189  color rgba(248, 249, 249, 1) 1690806904069
16dd0ad941c4fdb8d6c2.js:189 container-20TyK0 elevationHigh-28Pty4 backgroundColor rgba(198, 54, 58, 1) 1690806904069
16dd0ad941c4fdb8d6c2.js:189 message-3C6JQ1 color rgba(250, 251, 251, 1) 1690806904086
16dd0ad941c4fdb8d6c2.js:189  color rgba(250, 251, 251, 1) 1690806904087
16dd0ad941c4fdb8d6c2.js:189 container-20TyK0 elevationHigh-28Pty4 backgroundColor rgba(211, 57, 61, 1) 1690806904087
16dd0ad941c4fdb8d6c2.js:3061 translate3d(-7.4px,2.953745749178271px,0px) 1690806904088
16dd0ad941c4fdb8d6c2.js:189 message-3C6JQ1 color rgba(252, 252, 252, 1) 1690806904103
16dd0ad941c4fdb8d6c2.js:189  color rgba(252, 252, 252, 1) 1690806904107
16dd0ad941c4fdb8d6c2.js:189 container-20TyK0 elevationHigh-28Pty4 backgroundColor rgba(223, 59, 63, 1) 1690806904108
16dd0ad941c4fdb8d6c2.js:189 message-3C6JQ1 color rgba(253, 254, 254, 1) 1690806904120
16dd0ad941c4fdb8d6c2.js:189  color rgba(253, 254, 254, 1) 1690806904122
16dd0ad941c4fdb8d6c2.js:189 container-20TyK0 elevationHigh-28Pty4 backgroundColor rgba(232, 61, 65, 1) 1690806904123
16dd0ad941c4fdb8d6c2.js:3061 translate3d(7.4px,-0.2305228890285651px,0px) 1690806904128
16dd0ad941c4fdb8d6c2.js:189 message-3C6JQ1 color rgba(255, 255, 255, 1) 1690806904141
16dd0ad941c4fdb8d6c2.js:189  color rgba(255, 255, 255, 1) 1690806904142
16dd0ad941c4fdb8d6c2.js:189 container-20TyK0 elevationHigh-28Pty4 backgroundColor rgba(242, 63, 67, 1) 1690806904142
16dd0ad941c4fdb8d6c2.js:189 message-3C6JQ1 color rgba(257, 257, 257, 1) 1690806904267
16dd0ad941c4fdb8d6c2.js:189  color rgba(257, 257, 257, 1) 1690806904274
16dd0ad941c4fdb8d6c2.js:189 container-20TyK0 elevationHigh-28Pty4 backgroundColor rgba(256, 66, 70, 1) 1690806904277
16dd0ad941c4fdb8d6c2.js:3061 translate3d(-7.4px,5.842198953456739px,0px) 1690806904280
16dd0ad941c4fdb8d6c2.js:189 message-3C6JQ1 color rgba(258, 257, 257, 1) 1690806904299
16dd0ad941c4fdb8d6c2.js:189  color rgba(258, 257, 257, 1) 1690806904300
16dd0ad941c4fdb8d6c2.js:189 container-20TyK0 elevationHigh-28Pty4 backgroundColor rgba(258, 66, 70, 1) 1690806904301
16dd0ad941c4fdb8d6c2.js:189 message-3C6JQ1 color rgba(257, 257, 257, 1) 1690806904349
16dd0ad941c4fdb8d6c2.js:189  color rgba(257, 257, 257, 1) 1690806904350
16dd0ad941c4fdb8d6c2.js:189 container-20TyK0 elevationHigh-28Pty4 backgroundColor rgba(257, 66, 70, 1) 1690806904351
16dd0ad941c4fdb8d6c2.js:189 container-20TyK0 elevationHigh-28Pty4 backgroundColor rgba(255, 66, 70, 1) 1690806904371
16dd0ad941c4fdb8d6c2.js:189 container-20TyK0 elevationHigh-28Pty4 backgroundColor rgba(254, 65, 69, 1) 1690806904387
16dd0ad941c4fdb8d6c2.js:189 message-3C6JQ1 color rgba(257, 256, 256, 1) 1690806904407
16dd0ad941c4fdb8d6c2.js:189  color rgba(257, 256, 256, 1) 1690806904409
16dd0ad941c4fdb8d6c2.js:189 container-20TyK0 elevationHigh-28Pty4 backgroundColor rgba(252, 65, 69, 1) 1690806904409
16dd0ad941c4fdb8d6c2.js:189 message-3C6JQ1 color rgba(256, 256, 256, 1) 1690806904421
16dd0ad941c4fdb8d6c2.js:189  color rgba(256, 256, 256, 1) 1690806904422
16dd0ad941c4fdb8d6c2.js:189 container-20TyK0 elevationHigh-28Pty4 backgroundColor rgba(251, 65, 69, 1) 1690806904423
16dd0ad941c4fdb8d6c2.js:189 container-20TyK0 elevationHigh-28Pty4 backgroundColor rgba(249, 64, 69, 1) 1690806904439
16dd0ad941c4fdb8d6c2.js:189 container-20TyK0 elevationHigh-28Pty4 backgroundColor rgba(248, 64, 68, 1) 1690806904466
16dd0ad941c4fdb8d6c2.js:189 container-20TyK0 elevationHigh-28Pty4 backgroundColor rgba(247, 64, 68, 1) 1690806904473
16dd0ad941c4fdb8d6c2.js:189 message-3C6JQ1 color rgba(256, 256, 255, 1) 1690806904491
16dd0ad941c4fdb8d6c2.js:189  color rgba(256, 256, 255, 1) 1690806904493
16dd0ad941c4fdb8d6c2.js:189 container-20TyK0 elevationHigh-28Pty4 backgroundColor rgba(246, 64, 68, 1) 1690806904506
16dd0ad941c4fdb8d6c2.js:189 message-3C6JQ1 color rgba(255, 255, 255, 1) 1690806904511
16dd0ad941c4fdb8d6c2.js:189  color rgba(255, 255, 255, 1) 1690806904512
16dd0ad941c4fdb8d6c2.js:189 container-20TyK0 elevationHigh-28Pty4 backgroundColor rgba(244, 63, 68, 1) 1690806904513
16dd0ad941c4fdb8d6c2.js:189 container-20TyK0 elevationHigh-28Pty4 backgroundColor rgba(244, 63, 67, 1) 1690806904523
16dd0ad941c4fdb8d6c2.js:189 container-20TyK0 elevationHigh-28Pty4 backgroundColor rgba(243, 63, 67, 1) 1690806904539
16dd0ad941c4fdb8d6c2.js:189 container-20TyK0 elevationHigh-28Pty4 backgroundColor rgba(242, 63, 67, 1) 1690806904557
16dd0ad941c4fdb8d6c2.js:189 container-20TyK0 elevationHigh-28Pty4 backgroundColor rgba(241, 63, 67, 1) 1690806904604
16dd0ad941c4fdb8d6c2.js:189 container-20TyK0 elevationHigh-28Pty4 backgroundColor rgba(242, 63, 67, 1) 1690806904806
16dd0ad941c4fdb8d6c2.js:189 message-3C6JQ1 color rgba(254, 254, 254, 1) 1690806904887
16dd0ad941c4fdb8d6c2.js:189  color rgba(254, 254, 254, 1) 1690806904887
16dd0ad941c4fdb8d6c2.js:189 container-20TyK0 elevationHigh-28Pty4 backgroundColor rgba(238, 62, 66, 1) 1690806904887
16dd0ad941c4fdb8d6c2.js:189 message-3C6JQ1 color rgba(253, 253, 253, 1) 1690806904904
16dd0ad941c4fdb8d6c2.js:189  color rgba(253, 253, 253, 1) 1690806904905
16dd0ad941c4fdb8d6c2.js:189 container-20TyK0 elevationHigh-28Pty4 backgroundColor rgba(228, 60, 64, 1) 1690806904905
16dd0ad941c4fdb8d6c2.js:189 message-3C6JQ1 color rgba(250, 251, 251, 1) 1690806904921
16dd0ad941c4fdb8d6c2.js:189  color rgba(250, 251, 251, 1) 1690806904921
16dd0ad941c4fdb8d6c2.js:189 container-20TyK0 elevationHigh-28Pty4 backgroundColor rgba(213, 57, 61, 1) 1690806904921
16dd0ad941c4fdb8d6c2.js:189 message-3C6JQ1 color rgba(248, 248, 249, 1) 1690806904936
16dd0ad941c4fdb8d6c2.js:189  color rgba(248, 248, 249, 1) 1690806904937
16dd0ad941c4fdb8d6c2.js:189 container-20TyK0 elevationHigh-28Pty4 backgroundColor rgba(197, 54, 58, 1) 1690806904938
16dd0ad941c4fdb8d6c2.js:189 message-3C6JQ1 color rgba(245, 246, 246, 1) 1690806904953
16dd0ad941c4fdb8d6c2.js:189  color rgba(245, 246, 246, 1) 1690806904954
16dd0ad941c4fdb8d6c2.js:189 container-20TyK0 elevationHigh-28Pty4 backgroundColor rgba(177, 50, 54, 1) 1690806904955
16dd0ad941c4fdb8d6c2.js:189 message-3C6JQ1 color rgba(241, 243, 244, 1) 1690806904969
16dd0ad941c4fdb8d6c2.js:189  color rgba(241, 243, 244, 1) 1690806904971
16dd0ad941c4fdb8d6c2.js:189 container-20TyK0 elevationHigh-28Pty4 backgroundColor rgba(157, 46, 49, 1) 1690806904971
16dd0ad941c4fdb8d6c2.js:189 message-3C6JQ1 color rgba(238, 239, 241, 1) 1690806904988
16dd0ad941c4fdb8d6c2.js:189  color rgba(238, 239, 241, 1) 1690806904988
16dd0ad941c4fdb8d6c2.js:189 container-20TyK0 elevationHigh-28Pty4 backgroundColor rgba(135, 42, 45, 1) 1690806904988
16dd0ad941c4fdb8d6c2.js:189 message-3C6JQ1 color rgba(235, 236, 238, 1) 1690806905008
16dd0ad941c4fdb8d6c2.js:189  color rgba(235, 236, 238, 1) 1690806905008
16dd0ad941c4fdb8d6c2.js:189 container-20TyK0 elevationHigh-28Pty4 backgroundColor rgba(114, 37, 40, 1) 1690806905008
16dd0ad941c4fdb8d6c2.js:189 message-3C6JQ1 color rgba(232, 234, 236, 1) 1690806905021
16dd0ad941c4fdb8d6c2.js:189  color rgba(232, 234, 236, 1) 1690806905022
16dd0ad941c4fdb8d6c2.js:189 container-20TyK0 elevationHigh-28Pty4 backgroundColor rgba(97, 34, 37, 1) 1690806905022
16dd0ad941c4fdb8d6c2.js:189 message-3C6JQ1 color rgba(229, 231, 233, 1) 1690806905038
16dd0ad941c4fdb8d6c2.js:189  color rgba(229, 231, 233, 1) 1690806905038
16dd0ad941c4fdb8d6c2.js:189 container-20TyK0 elevationHigh-28Pty4 backgroundColor rgba(80, 31, 33, 1) 1690806905039
16dd0ad941c4fdb8d6c2.js:189 message-3C6JQ1 color rgba(227, 229, 232, 1) 1690806905052
16dd0ad941c4fdb8d6c2.js:189  color rgba(227, 229, 232, 1) 1690806905053
16dd0ad941c4fdb8d6c2.js:189 container-20TyK0 elevationHigh-28Pty4 backgroundColor rgba(66, 28, 30, 1) 1690806905054
16dd0ad941c4fdb8d6c2.js:189 message-3C6JQ1 color rgba(225, 227, 230, 1) 1690806905070
16dd0ad941c4fdb8d6c2.js:189  color rgba(225, 227, 230, 1) 1690806905071
16dd0ad941c4fdb8d6c2.js:189 container-20TyK0 elevationHigh-28Pty4 backgroundColor rgba(52, 25, 27, 1) 1690806905071
16dd0ad941c4fdb8d6c2.js:189 message-3C6JQ1 color rgba(223, 226, 228, 1) 1690806905086
16dd0ad941c4fdb8d6c2.js:189  color rgba(223, 226, 228, 1) 1690806905088
16dd0ad941c4fdb8d6c2.js:189 container-20TyK0 elevationHigh-28Pty4 backgroundColor rgba(41, 23, 25, 1) 1690806905089
16dd0ad941c4fdb8d6c2.js:189 message-3C6JQ1 color rgba(221, 224, 227, 1) 1690806905104
16dd0ad941c4fdb8d6c2.js:189  color rgba(221, 224, 227, 1) 1690806905104
16dd0ad941c4fdb8d6c2.js:189 container-20TyK0 elevationHigh-28Pty4 backgroundColor rgba(30, 21, 23, 1) 1690806905105
16dd0ad941c4fdb8d6c2.js:189 message-3C6JQ1 color rgba(220, 223, 226, 1) 1690806905121
16dd0ad941c4fdb8d6c2.js:189  color rgba(220, 223, 226, 1) 1690806905121
16dd0ad941c4fdb8d6c2.js:189 container-20TyK0 elevationHigh-28Pty4 backgroundColor rgba(22, 19, 21, 1) 1690806905121
16dd0ad941c4fdb8d6c2.js:189 message-3C6JQ1 color rgba(219, 222, 225, 1) 1690806905137
16dd0ad941c4fdb8d6c2.js:189  color rgba(219, 222, 225, 1) 1690806905138
16dd0ad941c4fdb8d6c2.js:189 container-20TyK0 elevationHigh-28Pty4 backgroundColor rgba(15, 18, 20, 1) 1690806905138
16dd0ad941c4fdb8d6c2.js:189 message-3C6JQ1 color rgba(218, 221, 224, 1) 1690806905154
16dd0ad941c4fdb8d6c2.js:189  color rgba(218, 221, 224, 1) 1690806905155
16dd0ad941c4fdb8d6c2.js:189 container-20TyK0 elevationHigh-28Pty4 backgroundColor rgba(10, 17, 19, 1) 1690806905155
16dd0ad941c4fdb8d6c2.js:189 message-3C6JQ1 color rgba(217, 220, 224, 1) 1690806905171
16dd0ad941c4fdb8d6c2.js:189  color rgba(217, 220, 224, 1) 1690806905171
16dd0ad941c4fdb8d6c2.js:189 container-20TyK0 elevationHigh-28Pty4 backgroundColor rgba(6, 16, 18, 1) 1690806905172
16dd0ad941c4fdb8d6c2.js:189 message-3C6JQ1 color rgba(217, 220, 223, 1) 1690806905186
16dd0ad941c4fdb8d6c2.js:189  color rgba(217, 220, 223, 1) 1690806905187
16dd0ad941c4fdb8d6c2.js:189 container-20TyK0 elevationHigh-28Pty4 backgroundColor rgba(4, 15, 17, 1) 1690806905187
16dd0ad941c4fdb8d6c2.js:189 message-3C6JQ1 color rgba(216, 220, 223, 1) 1690806905210
16dd0ad941c4fdb8d6c2.js:189  color rgba(216, 220, 223, 1) 1690806905211
16dd0ad941c4fdb8d6c2.js:189 container-20TyK0 elevationHigh-28Pty4 backgroundColor rgba(1, 15, 17, 1) 1690806905211
16dd0ad941c4fdb8d6c2.js:189 message-3C6JQ1 color rgba(217, 220, 223, 1) 1690806905270
16dd0ad941c4fdb8d6c2.js:189  color rgba(217, 220, 223, 1) 1690806905271
16dd0ad941c4fdb8d6c2.js:189 container-20TyK0 elevationHigh-28Pty4 backgroundColor rgba(2, 15, 17, 1) 1690806905271
16dd0ad941c4fdb8d6c2.js:189 container-20TyK0 elevationHigh-28Pty4 backgroundColor rgba(3, 15, 17, 1) 1690806905288
16dd0ad941c4fdb8d6c2.js:189 container-20TyK0 elevationHigh-28Pty4 backgroundColor rgba(4, 15, 17, 1) 1690806905304
16dd0ad941c4fdb8d6c2.js:189 message-3C6JQ1 color rgba(217, 220, 224, 1) 1690806905320
16dd0ad941c4fdb8d6c2.js:189  color rgba(217, 220, 224, 1) 1690806905321
16dd0ad941c4fdb8d6c2.js:189 container-20TyK0 elevationHigh-28Pty4 backgroundColor rgba(6, 16, 18, 1) 1690806905322
16dd0ad941c4fdb8d6c2.js:189 message-3C6JQ1 color rgba(217, 221, 224, 1) 1690806905337
16dd0ad941c4fdb8d6c2.js:189  color rgba(217, 221, 224, 1) 1690806905338
16dd0ad941c4fdb8d6c2.js:189 container-20TyK0 elevationHigh-28Pty4 backgroundColor rgba(7, 16, 18, 1) 1690806905339
16dd0ad941c4fdb8d6c2.js:189 message-3C6JQ1 color rgba(218, 221, 224, 1) 1690806905355
16dd0ad941c4fdb8d6c2.js:189  color rgba(218, 221, 224, 1) 1690806905356
16dd0ad941c4fdb8d6c2.js:189 container-20TyK0 elevationHigh-28Pty4 backgroundColor rgba(9, 16, 18, 1) 1690806905357
16dd0ad941c4fdb8d6c2.js:189 container-20TyK0 elevationHigh-28Pty4 backgroundColor rgba(10, 17, 19, 1) 1690806905372
16dd0ad941c4fdb8d6c2.js:189 container-20TyK0 elevationHigh-28Pty4 backgroundColor rgba(12, 17, 19, 1) 1690806905388
16dd0ad941c4fdb8d6c2.js:189 container-20TyK0 elevationHigh-28Pty4 backgroundColor rgba(13, 17, 19, 1) 1690806905403
16dd0ad941c4fdb8d6c2.js:189 message-3C6JQ1 color rgba(218, 222, 225, 1) 1690806905421
16dd0ad941c4fdb8d6c2.js:189  color rgba(218, 222, 225, 1) 1690806905422
16dd0ad941c4fdb8d6c2.js:189 container-20TyK0 elevationHigh-28Pty4 backgroundColor rgba(14, 17, 19, 1) 1690806905422
16dd0ad941c4fdb8d6c2.js:189 message-3C6JQ1 color rgba(219, 222, 225, 1) 1690806905438
16dd0ad941c4fdb8d6c2.js:189  color rgba(219, 222, 225, 1) 1690806905439
16dd0ad941c4fdb8d6c2.js:189 container-20TyK0 elevationHigh-28Pty4 backgroundColor rgba(15, 18, 20, 1) 1690806905439
16dd0ad941c4fdb8d6c2.js:189 container-20TyK0 elevationHigh-28Pty4 backgroundColor rgba(16, 18, 20, 1) 1690806905455
16dd0ad941c4fdb8d6c2.js:189 container-20TyK0 elevationHigh-28Pty4 backgroundColor rgba(17, 18, 20, 1) 1690806905488
16dd0ad941c4fdb8d6c2.js:189 container-20TyK0 elevationHigh-28Pty4 backgroundColor rgba(18, 18, 20, 1) 1690806905520
16dd0ad941c4fdb8d6c2.js:189 container-20TyK0 elevationHigh-28Pty4 backgroundColor rgba(17, 18, 20, 1) 1690806905736
